<?xml version="1.0" encoding="UTF-8"?>
<!-- Generated by org.testng.reporters.JUnitReportReporter -->
<testsuite hostname="DESKTOP-1SVTHNJ" failures="0" tests="6" name="test.seleniumframework.TestngLearn" time="0.019" errors="1" timestamp="2026-03-31T14:55:38 IST" skipped="1">
  <testcase classname="test.seleniumframework.TestngLearn" name="addToCart" time="0.002">
    <error type="java.lang.RuntimeException">
      <![CDATA[java.lang.RuntimeException
at test.seleniumframework.TestngLearn.addToCart(TestngLearn.java:35)
at java.base/jdk.internal.reflect.DirectMethodHandleAccessor.invoke(DirectMethodHandleAccessor.java:103)
at java.base/java.lang.reflect.Method.invoke(Method.java:580)
at org.testng.internal.invokers.MethodInvocationHelper.invokeMethod(MethodInvocationHelper.java:136)
at org.testng.internal.invokers.TestInvoker.invokeMethod(TestInvoker.java:658)
at org.testng.internal.invokers.TestInvoker.invokeTestMethod(TestInvoker.java:219)
at org.testng.internal.invokers.MethodRunner.runInSequence(MethodRunner.java:50)
at org.testng.internal.invokers.TestInvoker$MethodInvocationAgent.invoke(TestInvoker.java:923)
at org.testng.internal.invokers.TestInvoker.invokeTestMethods(TestInvoker.java:192)
at org.testng.internal.invokers.TestMethodWorker.invokeTestMethods(TestMethodWorker.java:146)
at org.testng.internal.invokers.TestMethodWorker.run(TestMethodWorker.java:128)
at java.base/java.util.concurrent.ThreadPoolExecutor.runWorker(ThreadPoolExecutor.java:1144)
at java.base/java.util.concurrent.ThreadPoolExecutor$Worker.run(ThreadPoolExecutor.java:642)
at java.base/java.lang.Thread.run(Thread.java:1583)
]]>
    </error>
  </testcase> <!-- addToCart -->
  <system-out/>
  <testcase classname="test.seleniumframework.TestngLearn" name="login" time="0.002"/>
  <system-out/>
  <testcase classname="test.seleniumframework.TestngLearn" name="signup" time="0.013"/>
  <system-out/>
  <testcase classname="test.seleniumframework.TestngLearn" name="signup" time="0.001"/>
  <system-out/>
  <testcase classname="test.seleniumframework.TestngLearn" name="searchProduct" time="0.001"/>
  <system-out/>
  <testcase classname="test.seleniumframework.TestngLearn" name="signOut" time="0.000">
    <skipped/>
  </testcase> <!-- signOut -->
  <system-out/>
</testsuite> <!-- test.seleniumframework.TestngLearn -->
